# JRE version: OpenJDK Runtime Environment (8.0_102-b14) (build 1.8.0_102-b14)
# Java VM: OpenJDK 64-Bit Server VM (25.102-b14 mixed mode linux-amd64 compressed oops)
Heap:
 PSYoungGen      total 668160K, used 0K [0x00000000d7300000, 0x0000000100000000, 0x0000000100000000)
  eden space 667648K, 0% used [0x00000000d7300000,0x00000000d7300000,0x00000000fff00000)
  from space 512K, 0% used [0x00000000fff80000,0x00000000fff80000,0x0000000100000000)
  to   space 512K, 0% used [0x00000000fff00000,0x00000000fff00000,0x00000000fff80000)
 ParOldGen       total 1046016K, used 617059K [0x0000000085800000, 0x00000000c5580000, 0x00000000d7300000)
  object space 1046016K, 58% used [0x0000000085800000,0x00000000ab298c30,0x00000000c5580000)
 Metaspace       used 6036K, capacity 6520K, committed 6656K, reserved 1056768K
  class space    used 612K, capacity 660K, committed 768K, reserved 1048576K
GC Heap History (10 events):
Event: 51.425 GC heap before
{Heap before GC invocations=70 (full 7):
 PSYoungGen      total 668160K, used 667680K [0x00000000d7300000, 0x0000000100000000, 0x0000000100000000)
  eden space 667648K, 100% used [0x00000000d7300000,0x00000000fff00000,0x00000000fff00000)
  from space 512K, 6% used [0x00000000fff80000,0x00000000fff88000,0x0000000100000000)
  to   space 512K, 0% used [0x00000000fff00000,0x00000000fff00000,0x00000000fff80000)
 ParOldGen       total 1338368K, used 1027756K [0x0000000085800000, 0x00000000d7300000, 0x00000000d7300000)
  object space 1338368K, 76% used [0x0000000085800000,0x00000000c43ab3b0,0x00000000d7300000)
 Metaspace       used 6036K, capacity 6520K, committed 6656K, reserved 1056768K
  class space    used 612K, capacity 660K, committed 768K, reserved 1048576K
Event: 51.551 GC heap after
Heap after GC invocations=70 (full 7):
 PSYoungGen      total 668160K, used 32K [0x00000000d7300000, 0x0000000100000000, 0x0000000100000000)
  eden space 667648K, 0% used [0x00000000d7300000,0x00000000d7300000,0x00000000fff00000)
  from space 512K, 6% used [0x00000000fff00000,0x00000000fff08000,0x00000000fff80000)
  to   space 512K, 0% used [0x00000000fff80000,0x00000000fff80000,0x0000000100000000)
 ParOldGen       total 1338368K, used 1027756K [0x0000000085800000, 0x00000000d7300000, 0x00000000d7300000)
  object space 1338368K, 76% used [0x0000000085800000,0x00000000c43ab3b0,0x00000000d7300000)
 Metaspace       used 6036K, capacity 6520K, committed 6656K, reserved 1056768K
  class space    used 612K, capacity 660K, committed 768K, reserved 1048576K
}
Event: 52.538 GC heap before
{Heap before GC invocations=71 (full 7):
 PSYoungGen      total 668160K, used 667680K [0x00000000d7300000, 0x0000000100000000, 0x0000000100000000)
  eden space 667648K, 100% used [0x00000000d7300000,0x00000000fff00000,0x00000000fff00000)
  from space 512K, 6% used [0x00000000fff00000,0x00000000fff08000,0x00000000fff80000)
  to   space 512K, 0% used [0x00000000fff80000,0x00000000fff80000,0x0000000100000000)
 ParOldGen       total 1338368K, used 1027756K [0x0000000085800000, 0x00000000d7300000, 0x00000000d7300000)
  object space 1338368K, 76% used [0x0000000085800000,0x00000000c43ab3b0,0x00000000d7300000)
 Metaspace       used 6036K, capacity 6520K, committed 6656K, reserved 1056768K
  class space    used 612K, capacity 660K, committed 768K, reserved 1048576K
Event: 52.679 GC heap after
Heap after GC invocations=71 (full 7):
 PSYoungGen      total 668160K, used 32K [0x00000000d7300000, 0x0000000100000000, 0x0000000100000000)
  eden space 667648K, 0% used [0x00000000d7300000,0x00000000d7300000,0x00000000fff00000)
  from space 512K, 6% used [0x00000000fff80000,0x00000000fff88000,0x0000000100000000)
  to   space 512K, 0% used [0x00000000fff00000,0x00000000fff00000,0x00000000fff80000)
 ParOldGen       total 1338368K, used 1027756K [0x0000000085800000, 0x00000000d7300000, 0x00000000d7300000)
  object space 1338368K, 76% used [0x0000000085800000,0x00000000c43ab3b0,0x00000000d7300000)
 Metaspace       used 6036K, capacity 6520K, committed 6656K, reserved 1056768K
  class space    used 612K, capacity 660K, committed 768K, reserved 1048576K
}
Event: 53.489 GC heap before
{Heap before GC invocations=72 (full 7):
 PSYoungGen      total 668160K, used 534150K [0x00000000d7300000, 0x0000000100000000, 0x0000000100000000)
  eden space 667648K, 80% used [0x00000000d7300000,0x00000000f7c999f0,0x00000000fff00000)
  from space 512K, 6% used [0x00000000fff80000,0x00000000fff88000,0x0000000100000000)
  to   space 512K, 0% used [0x00000000fff00000,0x00000000fff00000,0x00000000fff80000)
 ParOldGen       total 1338368K, used 1027756K [0x0000000085800000, 0x00000000d7300000, 0x00000000d7300000)
  object space 1338368K, 76% used [0x0000000085800000,0x00000000c43ab3b0,0x00000000d7300000)
 Metaspace       used 6036K, capacity 6520K, committed 6656K, reserved 1056768K
  class space    used 612K, capacity 660K, committed 768K, reserved 1048576K
Event: 53.626 GC heap after
Heap after GC invocations=72 (full 7):
 PSYoungGen      total 668160K, used 32K [0x00000000d7300000, 0x0000000100000000, 0x0000000100000000)
  eden space 667648K, 0% used [0x00000000d7300000,0x00000000d7300000,0x00000000fff00000)
  from space 512K, 6% used [0x00000000fff00000,0x00000000fff08000,0x00000000fff80000)
  to   space 512K, 0% used [0x00000000fff80000,0x00000000fff80000,0x0000000100000000)
 ParOldGen       total 1338368K, used 1027756K [0x0000000085800000, 0x00000000d7300000, 0x00000000d7300000)
  object space 1338368K, 76% used [0x0000000085800000,0x00000000c43ab3b0,0x00000000d7300000)
 Metaspace       used 6036K, capacity 6520K, committed 6656K, reserved 1056768K
  class space    used 612K, capacity 660K, committed 768K, reserved 1048576K
}
Event: 53.626 GC heap before
{Heap before GC invocations=73 (full 7):
 PSYoungGen      total 668160K, used 32K [0x00000000d7300000, 0x0000000100000000, 0x0000000100000000)
  eden space 667648K, 0% used [0x00000000d7300000,0x00000000d7300000,0x00000000fff00000)
  from space 512K, 6% used [0x00000000fff00000,0x00000000fff08000,0x00000000fff80000)
  to   space 512K, 0% used [0x00000000fff80000,0x00000000fff80000,0x0000000100000000)
 ParOldGen       total 1338368K, used 1027756K [0x0000000085800000, 0x00000000d7300000, 0x00000000d7300000)
  object space 1338368K, 76% used [0x0000000085800000,0x00000000c43ab3b0,0x00000000d7300000)
 Metaspace       used 6036K, capacity 6520K, committed 6656K, reserved 1056768K
  class space    used 612K, capacity 660K, committed 768K, reserved 1048576K
Event: 53.788 GC heap after
Heap after GC invocations=73 (full 7):
 PSYoungGen      total 668160K, used 32K [0x00000000d7300000, 0x0000000100000000, 0x0000000100000000)
  eden space 667648K, 0% used [0x00000000d7300000,0x00000000d7300000,0x00000000fff00000)
  from space 512K, 6% used [0x00000000fff80000,0x00000000fff88000,0x0000000100000000)
  to   space 512K, 0% used [0x00000000fff00000,0x00000000fff00000,0x00000000fff80000)
 ParOldGen       total 1338368K, used 1027756K [0x0000000085800000, 0x00000000d7300000, 0x00000000d7300000)
  object space 1338368K, 76% used [0x0000000085800000,0x00000000c43ab3b0,0x00000000d7300000)
 Metaspace       used 6036K, capacity 6520K, committed 6656K, reserved 1056768K
  class space    used 612K, capacity 660K, committed 768K, reserved 1048576K
}
Event: 53.788 GC heap before
{Heap before GC invocations=74 (full 8):
 PSYoungGen      total 668160K, used 32K [0x00000000d7300000, 0x0000000100000000, 0x0000000100000000)
  eden space 667648K, 0% used [0x00000000d7300000,0x00000000d7300000,0x00000000fff00000)
  from space 512K, 6% used [0x00000000fff80000,0x00000000fff88000,0x0000000100000000)
  to   space 512K, 0% used [0x00000000fff00000,0x00000000fff00000,0x00000000fff80000)
 ParOldGen       total 1338368K, used 1027756K [0x0000000085800000, 0x00000000d7300000, 0x00000000d7300000)
  object space 1338368K, 76% used [0x0000000085800000,0x00000000c43ab3b0,0x00000000d7300000)
 Metaspace       used 6036K, capacity 6520K, committed 6656K, reserved 1056768K
  class space    used 612K, capacity 660K, committed 768K, reserved 1048576K
Event: 55.359 GC heap after
Heap after GC invocations=74 (full 8):
 PSYoungGen      total 668160K, used 0K [0x00000000d7300000, 0x0000000100000000, 0x0000000100000000)
  eden space 667648K, 0% used [0x00000000d7300000,0x00000000d7300000,0x00000000fff00000)
  from space 512K, 0% used [0x00000000fff80000,0x00000000fff80000,0x0000000100000000)
  to   space 512K, 0% used [0x00000000fff00000,0x00000000fff00000,0x00000000fff80000)
 ParOldGen       total 1046016K, used 617059K [0x0000000085800000, 0x00000000c5580000, 0x00000000d7300000)
  object space 1046016K, 58% used [0x0000000085800000,0x00000000ab298c30,0x00000000c5580000)
 Metaspace       used 6036K, capacity 6520K, committed 6656K, reserved 1056768K
  class space    used 612K, capacity 660K, committed 768K, reserved 1048576K
}

